<html>
<head>
<title>TestNG:  Test</title>
<link href="../testng.css" rel="stylesheet" type="text/css" />
<link href="../my-testng.css" rel="stylesheet" type="text/css" />

<style type="text/css">
.log { display: none;} 
.stack-trace { display: none;} 
</style>
<script type="text/javascript">
<!--
function flip(e) {
  current = e.style.display;
  if (current == 'block') {
    e.style.display = 'none';
    return 0;
  }
  else {
    e.style.display = 'block';
    return 1;
  }
}

function toggleBox(szDivId, elem, msg1, msg2)
{
  var res = -1;  if (document.getElementById) {
    res = flip(document.getElementById(szDivId));
  }
  else if (document.all) {
    // this is the way old msie versions work
    res = flip(document.all[szDivId]);
  }
  if(elem) {
    if(res == 0) elem.innerHTML = msg1; else elem.innerHTML = msg2;
  }

}

function toggleAllBoxes() {
  if (document.getElementsByTagName) {
    d = document.getElementsByTagName('div');
    for (i = 0; i < d.length; i++) {
      if (d[i].className == 'log') {
        flip(d[i]);
      }
    }
  }
}

// -->
</script>

</head>
<body>
<h2 align='center'>Test</h2><table border='1' align="center">
<tr>
<td>Tests passed/Failed/Skipped:</td><td>10/3/0</td>
</tr><tr>
<td>Started on:</td><td>Fri Mar 01 16:07:31 IST 2024</td>
</tr>
<tr><td>Total time:</td><td>385 seconds (385994 ms)</td>
</tr><tr>
<td>Included groups:</td><td></td>
</tr><tr>
<td>Excluded groups:</td><td></td>
</tr>
</table><p/>
<small><i>(Hover the method name to see the test class name)</i></small><p/>
<table width='100%' border='1' class='invocation-failed'>
<tr><td colspan='4' align='center'><b>FAILED TESTS</b></td></tr>
<tr><td><b>Test method</b></td>
<td><b>Attribute(s)</b></td>
<td width="30%"><b>Exception</b></td>
<td width="10%"><b>Time (seconds)</b></td>
<td><b>Instance</b></td>
</tr>
<tr>
<td title='uiAutomationScripts.VerifyLoginAndRegistrationProcess.verifyunSuccessfullLogin()'><b>verifyunSuccessfullLogin</b><br>Test class: uiAutomationScripts.VerifyLoginAndRegistrationProcess<br>Parameters: {passwordErrorMessage=Password is too short (minimum is 5 characters)., wrongPassword=Avinas, lastName=xyz, pincode=411028, product=15mm Combo Wrench, address=Hadapsar, ConatctEmailErrorMessage=Email is invalid, city=Pune, existingPassword=Avinash, invalidPassword=bnm, contactFormSubmissionMessage=Thanks for contacting us. We'll get back to you as soon as possible., firstName=abc, password=qwerty, headerErrorMessage=Please adjust the following:, phoneNumber=1234567890, existingLastName=test, existingName=avitest, loginError=Incorrect email or password., email=abcd@test.com, invalidEmail=abc@testcom, emailErrorMessage=Email is invalid., existingEmail=avitest@test.com}</td>
<td><div><pre>org.openqa.selenium.NoSuchElementException: no such element: Unable to locate element: {&quot;method&quot;:&quot;xpath&quot;,&quot;selector&quot;:&quot;//h2[@class=&apos;form__message&apos;]/following-sibling::div/ul/li&quot;}
  (Session info: chrome=122.0.6261.95)
For documentation on this error, please visit: https://www.selenium.dev/documentation/webdriver/troubleshooting/errors#no-such-element-exception
Build info: version: &apos;4.14.0&apos;, revision: &apos;e5a96349ce&apos;
System info: os.name: &apos;Windows 10&apos;, os.arch: &apos;amd64&apos;, os.version: &apos;10.0&apos;, java.version: &apos;17.0.9&apos;
Driver info: org.openqa.selenium.chrome.ChromeDriver
Command: [da1d3cd864463e8d2dbef93c94172751, findElement {using=xpath, value=//h2[@class=&apos;form__message&apos;]/following-sibling::div/ul/li}]
Capabilities {acceptInsecureCerts: false, browserName: chrome, browserVersion: 122.0.6261.95, chrome: {chromedriverVersion: 122.0.6261.94 (880dbf29479c..., userDataDir: C:\Users\Avinash\AppData\Lo...}, fedcm:accounts: true, goog:chromeOptions: {debuggerAddress: localhost:62761}, networkConnectionEnabled: false, pageLoadStrategy: normal, platformName: windows, proxy: Proxy(), se:cdp: ws://localhost:62761/devtoo..., se:cdpVersion: 122.0.6261.95, setWindowRect: true, strictFileInteractability: false, timeouts: {implicit: 0, pageLoad: 300000, script: 30000}, unhandledPromptBehavior: dismiss and notify, webauthn:extension:credBlob: true, webauthn:extension:largeBlob: true, webauthn:extension:minPinLength: true, webauthn:extension:prf: true, webauthn:virtualAuthenticators: true}
Session ID: da1d3cd864463e8d2dbef93c94172751
	at org.openqa.selenium.remote.codec.w3c.W3CHttpResponseCodec.createException(W3CHttpResponseCodec.java:200)
	at org.openqa.selenium.remote.codec.w3c.W3CHttpResponseCodec.decode(W3CHttpResponseCodec.java:133)
	at org.openqa.selenium.remote.codec.w3c.W3CHttpResponseCodec.decode(W3CHttpResponseCodec.java:52)
	at org.openqa.selenium.remote.HttpCommandExecutor.execute(HttpCommandExecutor.java:191)
	at org.openqa.selenium.remote.service.DriverCommandExecutor.invokeExecute(DriverCommandExecutor.java:196)
	at org.openqa.selenium.remote.service.DriverCommandExecutor.execute(DriverCommandExecutor.java:171)
	at org.openqa.selenium.remote.RemoteWebDriver.execute(RemoteWebDriver.java:602)
	at org.openqa.selenium.remote.ElementLocation$ElementFinder$2.findElement(ElementLocation.java:165)
	at org.openqa.selenium.remote.ElementLocation.findElement(ElementLocation.java:59)
	at org.openqa.selenium.remote.RemoteWebDriver.findElement(RemoteWebDriver.java:359)
	at org.openqa.selenium.remote.RemoteWebDriver.findElement(RemoteWebDriver.java:353)
	at org.openqa.selenium.support.pagefactory.DefaultElementLocator.findElement(DefaultElementLocator.java:68)
	at org.openqa.selenium.support.pagefactory.internal.LocatingElementHandler.invoke(LocatingElementHandler.java:38)
	at jdk.proxy2/jdk.proxy2.$Proxy14.getText(Unknown Source)
	at utility.LoginPage.unsuccessfullLogin(LoginPage.java:61)
	at uiAutomationScripts.VerifyLoginAndRegistrationProcess.verifyunSuccessfullLogin(VerifyLoginAndRegistrationProcess.java:31)
	at java.base/java.util.ArrayList.forEach(ArrayList.java:1511)
... Removed 32 stack frames</pre></div><a href='#' onClick='toggleBox("stack-trace1985569416", this, "Click to show all stack frames", "Click to hide stack frames")'>Click to show all stack frames</a>
<div class='stack-trace' id='stack-trace1985569416'><pre>org.openqa.selenium.NoSuchElementException: no such element: Unable to locate element: {&quot;method&quot;:&quot;xpath&quot;,&quot;selector&quot;:&quot;//h2[@class=&apos;form__message&apos;]/following-sibling::div/ul/li&quot;}
  (Session info: chrome=122.0.6261.95)
For documentation on this error, please visit: https://www.selenium.dev/documentation/webdriver/troubleshooting/errors#no-such-element-exception
Build info: version: &apos;4.14.0&apos;, revision: &apos;e5a96349ce&apos;
System info: os.name: &apos;Windows 10&apos;, os.arch: &apos;amd64&apos;, os.version: &apos;10.0&apos;, java.version: &apos;17.0.9&apos;
Driver info: org.openqa.selenium.chrome.ChromeDriver
Command: [da1d3cd864463e8d2dbef93c94172751, findElement {using=xpath, value=//h2[@class=&apos;form__message&apos;]/following-sibling::div/ul/li}]
Capabilities {acceptInsecureCerts: false, browserName: chrome, browserVersion: 122.0.6261.95, chrome: {chromedriverVersion: 122.0.6261.94 (880dbf29479c..., userDataDir: C:\Users\Avinash\AppData\Lo...}, fedcm:accounts: true, goog:chromeOptions: {debuggerAddress: localhost:62761}, networkConnectionEnabled: false, pageLoadStrategy: normal, platformName: windows, proxy: Proxy(), se:cdp: ws://localhost:62761/devtoo..., se:cdpVersion: 122.0.6261.95, setWindowRect: true, strictFileInteractability: false, timeouts: {implicit: 0, pageLoad: 300000, script: 30000}, unhandledPromptBehavior: dismiss and notify, webauthn:extension:credBlob: true, webauthn:extension:largeBlob: true, webauthn:extension:minPinLength: true, webauthn:extension:prf: true, webauthn:virtualAuthenticators: true}
Session ID: da1d3cd864463e8d2dbef93c94172751
	at java.base/jdk.internal.reflect.NativeConstructorAccessorImpl.newInstance0(Native Method)
	at java.base/jdk.internal.reflect.NativeConstructorAccessorImpl.newInstance(NativeConstructorAccessorImpl.java:77)
	at java.base/jdk.internal.reflect.DelegatingConstructorAccessorImpl.newInstance(DelegatingConstructorAccessorImpl.java:45)
	at java.base/java.lang.reflect.Constructor.newInstanceWithCaller(Constructor.java:499)
	at java.base/java.lang.reflect.Constructor.newInstance(Constructor.java:480)
	at org.openqa.selenium.remote.codec.w3c.W3CHttpResponseCodec.createException(W3CHttpResponseCodec.java:200)
	at org.openqa.selenium.remote.codec.w3c.W3CHttpResponseCodec.decode(W3CHttpResponseCodec.java:133)
	at org.openqa.selenium.remote.codec.w3c.W3CHttpResponseCodec.decode(W3CHttpResponseCodec.java:52)
	at org.openqa.selenium.remote.HttpCommandExecutor.execute(HttpCommandExecutor.java:191)
	at org.openqa.selenium.remote.service.DriverCommandExecutor.invokeExecute(DriverCommandExecutor.java:196)
	at org.openqa.selenium.remote.service.DriverCommandExecutor.execute(DriverCommandExecutor.java:171)
	at org.openqa.selenium.remote.RemoteWebDriver.execute(RemoteWebDriver.java:602)
	at org.openqa.selenium.remote.ElementLocation$ElementFinder$2.findElement(ElementLocation.java:165)
	at org.openqa.selenium.remote.ElementLocation.findElement(ElementLocation.java:59)
	at org.openqa.selenium.remote.RemoteWebDriver.findElement(RemoteWebDriver.java:359)
	at org.openqa.selenium.remote.RemoteWebDriver.findElement(RemoteWebDriver.java:353)
	at org.openqa.selenium.support.pagefactory.DefaultElementLocator.findElement(DefaultElementLocator.java:68)
	at org.openqa.selenium.support.pagefactory.internal.LocatingElementHandler.invoke(LocatingElementHandler.java:38)
	at jdk.proxy2/jdk.proxy2.$Proxy14.getText(Unknown Source)
	at utility.LoginPage.unsuccessfullLogin(LoginPage.java:61)
	at uiAutomationScripts.VerifyLoginAndRegistrationProcess.verifyunSuccessfullLogin(VerifyLoginAndRegistrationProcess.java:31)
	at java.base/jdk.internal.reflect.NativeMethodAccessorImpl.invoke0(Native Method)
	at java.base/jdk.internal.reflect.NativeMethodAccessorImpl.invoke(NativeMethodAccessorImpl.java:77)
	at java.base/jdk.internal.reflect.DelegatingMethodAccessorImpl.invoke(DelegatingMethodAccessorImpl.java:43)
	at java.base/java.lang.reflect.Method.invoke(Method.java:568)
	at org.testng.internal.invokers.MethodInvocationHelper.invokeMethod(MethodInvocationHelper.java:139)
	at org.testng.internal.invokers.TestInvoker.invokeMethod(TestInvoker.java:664)
	at org.testng.internal.invokers.TestInvoker.invokeTestMethod(TestInvoker.java:227)
	at org.testng.internal.invokers.MethodRunner.runInSequence(MethodRunner.java:50)
	at org.testng.internal.invokers.TestInvoker$MethodInvocationAgent.invoke(TestInvoker.java:957)
	at org.testng.internal.invokers.TestInvoker.invokeTestMethods(TestInvoker.java:200)
	at org.testng.internal.invokers.TestMethodWorker.invokeTestMethods(TestMethodWorker.java:148)
	at org.testng.internal.invokers.TestMethodWorker.run(TestMethodWorker.java:128)
	at java.base/java.util.ArrayList.forEach(ArrayList.java:1511)
	at org.testng.TestRunner.privateRun(TestRunner.java:848)
	at org.testng.TestRunner.run(TestRunner.java:621)
	at org.testng.SuiteRunner.runTest(SuiteRunner.java:443)
	at org.testng.SuiteRunner.runSequentially(SuiteRunner.java:437)
	at org.testng.SuiteRunner.privateRun(SuiteRunner.java:397)
	at org.testng.SuiteRunner.run(SuiteRunner.java:336)
	at org.testng.SuiteRunnerWorker.runSuite(SuiteRunnerWorker.java:52)
	at org.testng.SuiteRunnerWorker.run(SuiteRunnerWorker.java:95)
	at org.testng.TestNG.runSuitesSequentially(TestNG.java:1280)
	at org.testng.TestNG.runSuitesLocally(TestNG.java:1200)
	at org.testng.TestNG.runSuites(TestNG.java:1114)
	at org.testng.TestNG.run(TestNG.java:1082)
	at org.testng.remote.AbstractRemoteTestNG.run(AbstractRemoteTestNG.java:115)
	at org.testng.remote.RemoteTestNG.initAndRun(RemoteTestNG.java:251)
	at org.testng.remote.RemoteTestNG.main(RemoteTestNG.java:77)
</pre></div></td>
<td>19</td>
<td>uiAutomationScripts.VerifyLoginAndRegistrationProcess@3e694b3f</td></tr>
<tr>
<td title='uiAutomationScripts.VerifyContactPage.verifyConatctPageWithValidDetails()'><b>verifyConatctPageWithValidDetails</b><br>Test class: uiAutomationScripts.VerifyContactPage<br>Parameters: {passwordErrorMessage=Password is too short (minimum is 5 characters)., wrongPassword=Avinas, lastName=xyz, pincode=411028, product=15mm Combo Wrench, address=Hadapsar, ConatctEmailErrorMessage=Email is invalid, city=Pune, existingPassword=Avinash, invalidPassword=bnm, contactFormSubmissionMessage=Thanks for contacting us. We'll get back to you as soon as possible., firstName=abc, password=qwerty, headerErrorMessage=Please adjust the following:, phoneNumber=1234567890, existingLastName=test, existingName=avitest, loginError=Incorrect email or password., email=abcd@test.com, invalidEmail=abc@testcom, emailErrorMessage=Email is invalid., existingEmail=avitest@test.com}</td>
<td><div><pre>org.openqa.selenium.TimeoutException: Expected condition failed: waiting for visibility of Proxy element for: DefaultElementLocator &apos;By.xpath: //div[@class=&apos;customer account&apos;]/div/a&apos; (tried for 30 second(s) with 500 milliseconds interval)
	at org.openqa.selenium.support.ui.WebDriverWait.timeoutException(WebDriverWait.java:84)
	at org.openqa.selenium.support.ui.FluentWait.until(FluentWait.java:230)
	at commonUtility.CommonUtility.waitUntilVisibilityOf(CommonUtility.java:43)
	at utility.ProfileManagement.verifySuccessfullAccountCreation(ProfileManagement.java:185)
	at uiAutomationScripts.VerifyContactPage.verifyConatctPageWithValidDetails(VerifyContactPage.java:25)
	at java.base/java.util.ArrayList.forEach(ArrayList.java:1511)
Caused by: org.openqa.selenium.NoSuchElementException: no such element: Unable to locate element: {&quot;method&quot;:&quot;xpath&quot;,&quot;selector&quot;:&quot;//div[@class=&apos;customer account&apos;]/div/a&quot;}
  (Session info: chrome=122.0.6261.95)
For documentation on this error, please visit: https://www.selenium.dev/documentation/webdriver/troubleshooting/errors#no-such-element-exception
Build info: version: &apos;4.14.0&apos;, revision: &apos;e5a96349ce&apos;
System info: os.name: &apos;Windows 10&apos;, os.arch: &apos;amd64&apos;, os.version: &apos;10.0&apos;, java.version: &apos;17.0.9&apos;
Driver info: org.openqa.selenium.chrome.ChromeDriver
Command: [bc95f791076812583eb2f11d9a545641, findElement {using=xpath, value=//div[@class=&apos;customer account&apos;]/div/a}]
Capabilities {acceptInsecureCerts: false, browserName: chrome, browserVersion: 122.0.6261.95, chrome: {chromedriverVersion: 122.0.6261.94 (880dbf29479c..., userDataDir: C:\Users\Avinash\AppData\Lo...}, fedcm:accounts: true, goog:chromeOptions: {debuggerAddress: localhost:62942}, networkConnectionEnabled: false, pageLoadStrategy: normal, platformName: windows, proxy: Proxy(), se:cdp: ws://localhost:62942/devtoo..., se:cdpVersion: 122.0.6261.95, setWindowRect: true, strictFileInteractability: false, timeouts: {implicit: 0, pageLoad: 300000, script: 30000}, unhandledPromptBehavior: dismiss and notify, webauthn:extension:credBlob: true, webauthn:extension:largeBlob: true, webauthn:extension:minPinLength: true, webauthn:extension:prf: true, webauthn:virtualAuthenticators: true}
Session ID: bc95f791076812583eb2f11d9a545641
	at org.openqa.selenium.remote.codec.w3c.W3CHttpResponseCodec.createException(W3CHttpResponseCodec.java:200)
	at org.openqa.selenium.remote.codec.w3c.W3CHttpResponseCodec.decode(W3CHttpResponseCodec.java:133)
	at org.openqa.selenium.remote.codec.w3c.W3CHttpResponseCodec.decode(W3CHttpResponseCodec.java:52)
	at org.openqa.selenium.remote.HttpCommandExecutor.execute(HttpCommandExecutor.java:191)
	at org.openqa.selenium.remote.service.DriverCommandExecutor.invokeExecute(DriverCommandExecutor.java:196)
	at org.openqa.selenium.remote.service.DriverCommandExecutor.execute(DriverCommandExecutor.java:171)
	at org.openqa.selenium.remote.RemoteWebDriver.execute(RemoteWebDriver.java:602)
	at org.openqa.selenium.remote.ElementLocation$ElementFinder$2.findElement(ElementLocation.java:165)
	at org.openqa.selenium.remote.ElementLocation.findElement(ElementLocation.java:59)
	at org.openqa.selenium.remote.RemoteWebDriver.findElement(RemoteWebDriver.java:359)
	at org.openqa.selenium.remote.RemoteWebDriver.findElement(RemoteWebDriver.java:353)
	at org.openqa.selenium.support.pagefactory.DefaultElementLocator.findElement(DefaultElementLocator.java:68)
	at org.openqa.selenium.support.pagefactory.internal.LocatingElementHandler.invoke(LocatingElementHandler.java:38)
	at jdk.proxy2/jdk.proxy2.$Proxy14.isDisplayed(Unknown Source)
	at org.openqa.selenium.support.ui.ExpectedConditions.elementIfVisible(ExpectedConditions.java:304)
	at org.openqa.selenium.support.ui.ExpectedConditions$10.apply(ExpectedConditions.java:290)
	at org.openqa.selenium.support.ui.ExpectedConditions$10.apply(ExpectedConditions.java:287)
	at org.openqa.selenium.support.ui.FluentWait.until(FluentWait.java:205)
	... 31 more
... Removed 32 stack frames</pre></div><a href='#' onClick='toggleBox("stack-trace53807796", this, "Click to show all stack frames", "Click to hide stack frames")'>Click to show all stack frames</a>
<div class='stack-trace' id='stack-trace53807796'><pre>org.openqa.selenium.TimeoutException: Expected condition failed: waiting for visibility of Proxy element for: DefaultElementLocator &apos;By.xpath: //div[@class=&apos;customer account&apos;]/div/a&apos; (tried for 30 second(s) with 500 milliseconds interval)
	at org.openqa.selenium.support.ui.WebDriverWait.timeoutException(WebDriverWait.java:84)
	at org.openqa.selenium.support.ui.FluentWait.until(FluentWait.java:230)
	at commonUtility.CommonUtility.waitUntilVisibilityOf(CommonUtility.java:43)
	at utility.ProfileManagement.verifySuccessfullAccountCreation(ProfileManagement.java:185)
	at uiAutomationScripts.VerifyContactPage.verifyConatctPageWithValidDetails(VerifyContactPage.java:25)
	at java.base/jdk.internal.reflect.NativeMethodAccessorImpl.invoke0(Native Method)
	at java.base/jdk.internal.reflect.NativeMethodAccessorImpl.invoke(NativeMethodAccessorImpl.java:77)
	at java.base/jdk.internal.reflect.DelegatingMethodAccessorImpl.invoke(DelegatingMethodAccessorImpl.java:43)
	at java.base/java.lang.reflect.Method.invoke(Method.java:568)
	at org.testng.internal.invokers.MethodInvocationHelper.invokeMethod(MethodInvocationHelper.java:139)
	at org.testng.internal.invokers.TestInvoker.invokeMethod(TestInvoker.java:664)
	at org.testng.internal.invokers.TestInvoker.invokeTestMethod(TestInvoker.java:227)
	at org.testng.internal.invokers.MethodRunner.runInSequence(MethodRunner.java:50)
	at org.testng.internal.invokers.TestInvoker$MethodInvocationAgent.invoke(TestInvoker.java:957)
	at org.testng.internal.invokers.TestInvoker.invokeTestMethods(TestInvoker.java:200)
	at org.testng.internal.invokers.TestMethodWorker.invokeTestMethods(TestMethodWorker.java:148)
	at org.testng.internal.invokers.TestMethodWorker.run(TestMethodWorker.java:128)
	at java.base/java.util.ArrayList.forEach(ArrayList.java:1511)
	at org.testng.TestRunner.privateRun(TestRunner.java:848)
	at org.testng.TestRunner.run(TestRunner.java:621)
	at org.testng.SuiteRunner.runTest(SuiteRunner.java:443)
	at org.testng.SuiteRunner.runSequentially(SuiteRunner.java:437)
	at org.testng.SuiteRunner.privateRun(SuiteRunner.java:397)
	at org.testng.SuiteRunner.run(SuiteRunner.java:336)
	at org.testng.SuiteRunnerWorker.runSuite(SuiteRunnerWorker.java:52)
	at org.testng.SuiteRunnerWorker.run(SuiteRunnerWorker.java:95)
	at org.testng.TestNG.runSuitesSequentially(TestNG.java:1280)
	at org.testng.TestNG.runSuitesLocally(TestNG.java:1200)
	at org.testng.TestNG.runSuites(TestNG.java:1114)
	at org.testng.TestNG.run(TestNG.java:1082)
	at org.testng.remote.AbstractRemoteTestNG.run(AbstractRemoteTestNG.java:115)
	at org.testng.remote.RemoteTestNG.initAndRun(RemoteTestNG.java:251)
	at org.testng.remote.RemoteTestNG.main(RemoteTestNG.java:77)
Caused by: org.openqa.selenium.NoSuchElementException: no such element: Unable to locate element: {&quot;method&quot;:&quot;xpath&quot;,&quot;selector&quot;:&quot;//div[@class=&apos;customer account&apos;]/div/a&quot;}
  (Session info: chrome=122.0.6261.95)
For documentation on this error, please visit: https://www.selenium.dev/documentation/webdriver/troubleshooting/errors#no-such-element-exception
Build info: version: &apos;4.14.0&apos;, revision: &apos;e5a96349ce&apos;
System info: os.name: &apos;Windows 10&apos;, os.arch: &apos;amd64&apos;, os.version: &apos;10.0&apos;, java.version: &apos;17.0.9&apos;
Driver info: org.openqa.selenium.chrome.ChromeDriver
Command: [bc95f791076812583eb2f11d9a545641, findElement {using=xpath, value=//div[@class=&apos;customer account&apos;]/div/a}]
Capabilities {acceptInsecureCerts: false, browserName: chrome, browserVersion: 122.0.6261.95, chrome: {chromedriverVersion: 122.0.6261.94 (880dbf29479c..., userDataDir: C:\Users\Avinash\AppData\Lo...}, fedcm:accounts: true, goog:chromeOptions: {debuggerAddress: localhost:62942}, networkConnectionEnabled: false, pageLoadStrategy: normal, platformName: windows, proxy: Proxy(), se:cdp: ws://localhost:62942/devtoo..., se:cdpVersion: 122.0.6261.95, setWindowRect: true, strictFileInteractability: false, timeouts: {implicit: 0, pageLoad: 300000, script: 30000}, unhandledPromptBehavior: dismiss and notify, webauthn:extension:credBlob: true, webauthn:extension:largeBlob: true, webauthn:extension:minPinLength: true, webauthn:extension:prf: true, webauthn:virtualAuthenticators: true}
Session ID: bc95f791076812583eb2f11d9a545641
	at java.base/jdk.internal.reflect.NativeConstructorAccessorImpl.newInstance0(Native Method)
	at java.base/jdk.internal.reflect.NativeConstructorAccessorImpl.newInstance(NativeConstructorAccessorImpl.java:77)
	at java.base/jdk.internal.reflect.DelegatingConstructorAccessorImpl.newInstance(DelegatingConstructorAccessorImpl.java:45)
	at java.base/java.lang.reflect.Constructor.newInstanceWithCaller(Constructor.java:499)
	at java.base/java.lang.reflect.Constructor.newInstance(Constructor.java:480)
	at org.openqa.selenium.remote.codec.w3c.W3CHttpResponseCodec.createException(W3CHttpResponseCodec.java:200)
	at org.openqa.selenium.remote.codec.w3c.W3CHttpResponseCodec.decode(W3CHttpResponseCodec.java:133)
	at org.openqa.selenium.remote.codec.w3c.W3CHttpResponseCodec.decode(W3CHttpResponseCodec.java:52)
	at org.openqa.selenium.remote.HttpCommandExecutor.execute(HttpCommandExecutor.java:191)
	at org.openqa.selenium.remote.service.DriverCommandExecutor.invokeExecute(DriverCommandExecutor.java:196)
	at org.openqa.selenium.remote.service.DriverCommandExecutor.execute(DriverCommandExecutor.java:171)
	at org.openqa.selenium.remote.RemoteWebDriver.execute(RemoteWebDriver.java:602)
	at org.openqa.selenium.remote.ElementLocation$ElementFinder$2.findElement(ElementLocation.java:165)
	at org.openqa.selenium.remote.ElementLocation.findElement(ElementLocation.java:59)
	at org.openqa.selenium.remote.RemoteWebDriver.findElement(RemoteWebDriver.java:359)
	at org.openqa.selenium.remote.RemoteWebDriver.findElement(RemoteWebDriver.java:353)
	at org.openqa.selenium.support.pagefactory.DefaultElementLocator.findElement(DefaultElementLocator.java:68)
	at org.openqa.selenium.support.pagefactory.internal.LocatingElementHandler.invoke(LocatingElementHandler.java:38)
	at jdk.proxy2/jdk.proxy2.$Proxy14.isDisplayed(Unknown Source)
	at org.openqa.selenium.support.ui.ExpectedConditions.elementIfVisible(ExpectedConditions.java:304)
	at org.openqa.selenium.support.ui.ExpectedConditions$10.apply(ExpectedConditions.java:290)
	at org.openqa.selenium.support.ui.ExpectedConditions$10.apply(ExpectedConditions.java:287)
	at org.openqa.selenium.support.ui.FluentWait.until(FluentWait.java:205)
	... 31 more
</pre></div></td>
<td>50</td>
<td>uiAutomationScripts.VerifyContactPage@1bb5a082</td></tr>
<tr>
<td title='uiAutomationScripts.VerifyProfileManagement.verifyAccountCreationAndEditDetails()'><b>verifyAccountCreationAndEditDetails</b><br>Test class: uiAutomationScripts.VerifyProfileManagement<br>Parameters: {passwordErrorMessage=Password is too short (minimum is 5 characters)., wrongPassword=Avinas, lastName=xyz, pincode=411028, product=15mm Combo Wrench, address=Hadapsar, ConatctEmailErrorMessage=Email is invalid, city=Pune, existingPassword=Avinash, invalidPassword=bnm, contactFormSubmissionMessage=Thanks for contacting us. We'll get back to you as soon as possible., firstName=abc, password=qwerty, headerErrorMessage=Please adjust the following:, phoneNumber=1234567890, existingLastName=test, existingName=avitest, loginError=Incorrect email or password., email=abcd@test.com, invalidEmail=abc@testcom, emailErrorMessage=Email is invalid., existingEmail=avitest@test.com}</td>
<td><div><pre>org.openqa.selenium.NoSuchFrameException: No frame element found by name or id web-pixel-sandbox-CUSTOM-shopify-custom-pixel-LAX-4d8af208w39648077pb05fb6acmf7ef51d2
Build info: version: &apos;4.14.0&apos;, revision: &apos;e5a96349ce&apos;
System info: os.name: &apos;Windows 10&apos;, os.arch: &apos;amd64&apos;, os.version: &apos;10.0&apos;, java.version: &apos;17.0.9&apos;
Driver info: driver.version: unknown
	at org.openqa.selenium.remote.RemoteWebDriver$RemoteTargetLocator.frame(RemoteWebDriver.java:1136)
	at utility.ProfileManagement.editProfile(ProfileManagement.java:198)
	at uiAutomationScripts.VerifyProfileManagement.verifyAccountCreationAndEditDetails(VerifyProfileManagement.java:41)
	at java.base/java.util.ArrayList.forEach(ArrayList.java:1511)
... Removed 27 stack frames</pre></div><a href='#' onClick='toggleBox("stack-trace619621481", this, "Click to show all stack frames", "Click to hide stack frames")'>Click to show all stack frames</a>
<div class='stack-trace' id='stack-trace619621481'><pre>org.openqa.selenium.NoSuchFrameException: No frame element found by name or id web-pixel-sandbox-CUSTOM-shopify-custom-pixel-LAX-4d8af208w39648077pb05fb6acmf7ef51d2
Build info: version: &apos;4.14.0&apos;, revision: &apos;e5a96349ce&apos;
System info: os.name: &apos;Windows 10&apos;, os.arch: &apos;amd64&apos;, os.version: &apos;10.0&apos;, java.version: &apos;17.0.9&apos;
Driver info: driver.version: unknown
	at org.openqa.selenium.remote.RemoteWebDriver$RemoteTargetLocator.frame(RemoteWebDriver.java:1136)
	at utility.ProfileManagement.editProfile(ProfileManagement.java:198)
	at uiAutomationScripts.VerifyProfileManagement.verifyAccountCreationAndEditDetails(VerifyProfileManagement.java:41)
	at java.base/jdk.internal.reflect.NativeMethodAccessorImpl.invoke0(Native Method)
	at java.base/jdk.internal.reflect.NativeMethodAccessorImpl.invoke(NativeMethodAccessorImpl.java:77)
	at java.base/jdk.internal.reflect.DelegatingMethodAccessorImpl.invoke(DelegatingMethodAccessorImpl.java:43)
	at java.base/java.lang.reflect.Method.invoke(Method.java:568)
	at org.testng.internal.invokers.MethodInvocationHelper.invokeMethod(MethodInvocationHelper.java:139)
	at org.testng.internal.invokers.TestInvoker.invokeMethod(TestInvoker.java:664)
	at org.testng.internal.invokers.TestInvoker.invokeTestMethod(TestInvoker.java:227)
	at org.testng.internal.invokers.MethodRunner.runInSequence(MethodRunner.java:50)
	at org.testng.internal.invokers.TestInvoker$MethodInvocationAgent.invoke(TestInvoker.java:957)
	at org.testng.internal.invokers.TestInvoker.invokeTestMethods(TestInvoker.java:200)
	at org.testng.internal.invokers.TestMethodWorker.invokeTestMethods(TestMethodWorker.java:148)
	at org.testng.internal.invokers.TestMethodWorker.run(TestMethodWorker.java:128)
	at java.base/java.util.ArrayList.forEach(ArrayList.java:1511)
	at org.testng.TestRunner.privateRun(TestRunner.java:848)
	at org.testng.TestRunner.run(TestRunner.java:621)
	at org.testng.SuiteRunner.runTest(SuiteRunner.java:443)
	at org.testng.SuiteRunner.runSequentially(SuiteRunner.java:437)
	at org.testng.SuiteRunner.privateRun(SuiteRunner.java:397)
	at org.testng.SuiteRunner.run(SuiteRunner.java:336)
	at org.testng.SuiteRunnerWorker.runSuite(SuiteRunnerWorker.java:52)
	at org.testng.SuiteRunnerWorker.run(SuiteRunnerWorker.java:95)
	at org.testng.TestNG.runSuitesSequentially(TestNG.java:1280)
	at org.testng.TestNG.runSuitesLocally(TestNG.java:1200)
	at org.testng.TestNG.runSuites(TestNG.java:1114)
	at org.testng.TestNG.run(TestNG.java:1082)
	at org.testng.remote.AbstractRemoteTestNG.run(AbstractRemoteTestNG.java:115)
	at org.testng.remote.RemoteTestNG.initAndRun(RemoteTestNG.java:251)
	at org.testng.remote.RemoteTestNG.main(RemoteTestNG.java:77)
</pre></div></td>
<td>30</td>
<td>uiAutomationScripts.VerifyProfileManagement@65fb9ffc</td></tr>
</table><p>
<table width='100%' border='1' class='invocation-passed'>
<tr><td colspan='4' align='center'><b>PASSED TESTS</b></td></tr>
<tr><td><b>Test method</b></td>
<td><b>Attribute(s)</b></td>
<td width="30%"><b>Exception</b></td>
<td width="10%"><b>Time (seconds)</b></td>
<td><b>Instance</b></td>
</tr>
<tr>
<td title='uiAutomationScripts.VerifySearchFunctionality.verifySearchSuggestions()'><b>verifySearchSuggestions</b><br>Test class: uiAutomationScripts.VerifySearchFunctionality<br>Parameters: {passwordErrorMessage=Password is too short (minimum is 5 characters)., wrongPassword=Avinas, lastName=xyz, pincode=411028, product=15mm Combo Wrench, address=Hadapsar, ConatctEmailErrorMessage=Email is invalid, city=Pune, existingPassword=Avinash, invalidPassword=bnm, contactFormSubmissionMessage=Thanks for contacting us. We'll get back to you as soon as possible., firstName=abc, password=qwerty, headerErrorMessage=Please adjust the following:, phoneNumber=1234567890, existingLastName=test, existingName=avitest, loginError=Incorrect email or password., email=abcd@test.com, invalidEmail=abc@testcom, emailErrorMessage=Email is invalid., existingEmail=avitest@test.com}</td>
<td></td>
<td>3</td>
<td>uiAutomationScripts.VerifySearchFunctionality@55b699ef</td></tr>
<tr>
<td title='uiAutomationScripts.VerifyContactPage.verifyConatctPageWithInvalidDetails()'><b>verifyConatctPageWithInvalidDetails</b><br>Test class: uiAutomationScripts.VerifyContactPage<br>Parameters: {passwordErrorMessage=Password is too short (minimum is 5 characters)., wrongPassword=Avinas, lastName=xyz, pincode=411028, product=15mm Combo Wrench, address=Hadapsar, ConatctEmailErrorMessage=Email is invalid, city=Pune, existingPassword=Avinash, invalidPassword=bnm, contactFormSubmissionMessage=Thanks for contacting us. We'll get back to you as soon as possible., firstName=abc, password=qwerty, headerErrorMessage=Please adjust the following:, phoneNumber=1234567890, existingLastName=test, existingName=avitest, loginError=Incorrect email or password., email=abcd@test.com, invalidEmail=abc@testcom, emailErrorMessage=Email is invalid., existingEmail=avitest@test.com}</td>
<td></td>
<td>15</td>
<td>uiAutomationScripts.VerifyContactPage@1bb5a082</td></tr>
<tr>
<td title='uiAutomationScripts.VerifyProfileManagement.verifyAccountCreation()'><b>verifyAccountCreation</b><br>Test class: uiAutomationScripts.VerifyProfileManagement<br>Parameters: {passwordErrorMessage=Password is too short (minimum is 5 characters)., wrongPassword=Avinas, lastName=xyz, pincode=411028, product=15mm Combo Wrench, address=Hadapsar, ConatctEmailErrorMessage=Email is invalid, city=Pune, existingPassword=Avinash, invalidPassword=bnm, contactFormSubmissionMessage=Thanks for contacting us. We'll get back to you as soon as possible., firstName=abc, password=qwerty, headerErrorMessage=Please adjust the following:, phoneNumber=1234567890, existingLastName=test, existingName=avitest, loginError=Incorrect email or password., email=abcd@test.com, invalidEmail=abc@testcom, emailErrorMessage=Email is invalid., existingEmail=avitest@test.com}</td>
<td></td>
<td>9</td>
<td>uiAutomationScripts.VerifyProfileManagement@65fb9ffc</td></tr>
<tr>
<td title='uiAutomationScripts.VerifySearchFunctionality.verifyAccuracyAndRelevanceOfSearchResults()'><b>verifyAccuracyAndRelevanceOfSearchResults</b><br>Test class: uiAutomationScripts.VerifySearchFunctionality<br>Parameters: {passwordErrorMessage=Password is too short (minimum is 5 characters)., wrongPassword=Avinas, lastName=xyz, pincode=411028, product=15mm Combo Wrench, address=Hadapsar, ConatctEmailErrorMessage=Email is invalid, city=Pune, existingPassword=Avinash, invalidPassword=bnm, contactFormSubmissionMessage=Thanks for contacting us. We'll get back to you as soon as possible., firstName=abc, password=qwerty, headerErrorMessage=Please adjust the following:, phoneNumber=1234567890, existingLastName=test, existingName=avitest, loginError=Incorrect email or password., email=abcd@test.com, invalidEmail=abc@testcom, emailErrorMessage=Email is invalid., existingEmail=avitest@test.com}</td>
<td></td>
<td>10</td>
<td>uiAutomationScripts.VerifySearchFunctionality@55b699ef</td></tr>
<tr>
<td title='uiAutomationScripts.VerifyCheckoutProcess.verifySuccessfullAccountCreation()'><b>verifySuccessfullAccountCreation</b><br>Test class: uiAutomationScripts.VerifyCheckoutProcess<br>Parameters: {passwordErrorMessage=Password is too short (minimum is 5 characters)., wrongPassword=Avinas, lastName=xyz, pincode=411028, product=15mm Combo Wrench, address=Hadapsar, ConatctEmailErrorMessage=Email is invalid, city=Pune, existingPassword=Avinash, invalidPassword=bnm, contactFormSubmissionMessage=Thanks for contacting us. We'll get back to you as soon as possible., firstName=abc, password=qwerty, headerErrorMessage=Please adjust the following:, phoneNumber=1234567890, existingLastName=test, existingName=avitest, loginError=Incorrect email or password., email=abcd@test.com, invalidEmail=abc@testcom, emailErrorMessage=Email is invalid., existingEmail=avitest@test.com}</td>
<td></td>
<td>50</td>
<td>uiAutomationScripts.VerifyCheckoutProcess@78691363</td></tr>
<tr>
<td title='uiAutomationScripts.VerifyLoginAndRegistrationProcess.verifySuccessfullAccountCreation()'><b>verifySuccessfullAccountCreation</b><br>Test class: uiAutomationScripts.VerifyLoginAndRegistrationProcess<br>Parameters: {passwordErrorMessage=Password is too short (minimum is 5 characters)., wrongPassword=Avinas, lastName=xyz, pincode=411028, product=15mm Combo Wrench, address=Hadapsar, ConatctEmailErrorMessage=Email is invalid, city=Pune, existingPassword=Avinash, invalidPassword=bnm, contactFormSubmissionMessage=Thanks for contacting us. We'll get back to you as soon as possible., firstName=abc, password=qwerty, headerErrorMessage=Please adjust the following:, phoneNumber=1234567890, existingLastName=test, existingName=avitest, loginError=Incorrect email or password., email=abcd@test.com, invalidEmail=abc@testcom, emailErrorMessage=Email is invalid., existingEmail=avitest@test.com}</td>
<td></td>
<td>9</td>
<td>uiAutomationScripts.VerifyLoginAndRegistrationProcess@3e694b3f</td></tr>
<tr>
<td title='uiAutomationScripts.VerifyProfileManagement.verifyAccountCreationWithInvalidEmail()'><b>verifyAccountCreationWithInvalidEmail</b><br>Test class: uiAutomationScripts.VerifyProfileManagement<br>Parameters: {passwordErrorMessage=Password is too short (minimum is 5 characters)., wrongPassword=Avinas, lastName=xyz, pincode=411028, product=15mm Combo Wrench, address=Hadapsar, ConatctEmailErrorMessage=Email is invalid, city=Pune, existingPassword=Avinash, invalidPassword=bnm, contactFormSubmissionMessage=Thanks for contacting us. We'll get back to you as soon as possible., firstName=abc, password=qwerty, headerErrorMessage=Please adjust the following:, phoneNumber=1234567890, existingLastName=test, existingName=avitest, loginError=Incorrect email or password., email=abcd@test.com, invalidEmail=abc@testcom, emailErrorMessage=Email is invalid., existingEmail=avitest@test.com}</td>
<td></td>
<td>18</td>
<td>uiAutomationScripts.VerifyProfileManagement@65fb9ffc</td></tr>
<tr>
<td title='uiAutomationScripts.VerifyProfileManagement.verifyAccountCreationWithPasswordBelowBoundaryValue()'><b>verifyAccountCreationWithPasswordBelowBoundaryValue</b><br>Test class: uiAutomationScripts.VerifyProfileManagement<br>Parameters: {passwordErrorMessage=Password is too short (minimum is 5 characters)., wrongPassword=Avinas, lastName=xyz, pincode=411028, product=15mm Combo Wrench, address=Hadapsar, ConatctEmailErrorMessage=Email is invalid, city=Pune, existingPassword=Avinash, invalidPassword=bnm, contactFormSubmissionMessage=Thanks for contacting us. We'll get back to you as soon as possible., firstName=abc, password=qwerty, headerErrorMessage=Please adjust the following:, phoneNumber=1234567890, existingLastName=test, existingName=avitest, loginError=Incorrect email or password., email=abcd@test.com, invalidEmail=abc@testcom, emailErrorMessage=Email is invalid., existingEmail=avitest@test.com}</td>
<td></td>
<td>7</td>
<td>uiAutomationScripts.VerifyProfileManagement@65fb9ffc</td></tr>
<tr>
<td title='uiAutomationScripts.VerifyLoginAndRegistrationProcess.verifySuccessfullLogin()'><b>verifySuccessfullLogin</b><br>Test class: uiAutomationScripts.VerifyLoginAndRegistrationProcess<br>Parameters: {passwordErrorMessage=Password is too short (minimum is 5 characters)., wrongPassword=Avinas, lastName=xyz, pincode=411028, product=15mm Combo Wrench, address=Hadapsar, ConatctEmailErrorMessage=Email is invalid, city=Pune, existingPassword=Avinash, invalidPassword=bnm, contactFormSubmissionMessage=Thanks for contacting us. We'll get back to you as soon as possible., firstName=abc, password=qwerty, headerErrorMessage=Please adjust the following:, phoneNumber=1234567890, existingLastName=test, existingName=avitest, loginError=Incorrect email or password., email=abcd@test.com, invalidEmail=abc@testcom, emailErrorMessage=Email is invalid., existingEmail=avitest@test.com}</td>
<td></td>
<td>23</td>
<td>uiAutomationScripts.VerifyLoginAndRegistrationProcess@3e694b3f</td></tr>
<tr>
<td title='uiAutomationScripts.VerifyProfileManagement.verifyAccountCreationAnddeleteDetails()'><b>verifyAccountCreationAnddeleteDetails</b><br>Test class: uiAutomationScripts.VerifyProfileManagement<br>Parameters: {passwordErrorMessage=Password is too short (minimum is 5 characters)., wrongPassword=Avinas, lastName=xyz, pincode=411028, product=15mm Combo Wrench, address=Hadapsar, ConatctEmailErrorMessage=Email is invalid, city=Pune, existingPassword=Avinash, invalidPassword=bnm, contactFormSubmissionMessage=Thanks for contacting us. We'll get back to you as soon as possible., firstName=abc, password=qwerty, headerErrorMessage=Please adjust the following:, phoneNumber=1234567890, existingLastName=test, existingName=avitest, loginError=Incorrect email or password., email=abcd@test.com, invalidEmail=abc@testcom, emailErrorMessage=Email is invalid., existingEmail=avitest@test.com}</td>
<td></td>
<td>10</td>
<td>uiAutomationScripts.VerifyProfileManagement@65fb9ffc</td></tr>
</table><p>
</body>
</html>